Using pre-set license
Built from '2021.3/staging' branch; Version is '2021.3.16f1 (4016570cf34f) revision 4200023'; Using compiler version '192829333'; Build Type 'Release'
OS: 'Windows 11  (10.0.22621) 64bit Core' Language: 'en' Physical Memory: 7956 MB
BatchMode: 1, IsHumanControllingUs: 0, StartBugReporterOnCrash: 0, Is64bit: 1, IsPro: 1

COMMAND LINE ARGUMENTS:
C:\Program Files\Unity\Hub\Editor\2021.3.16f1\Editor\Unity.exe
-adb2
-batchMode
-noUpm
-name
AssetImportWorker0
-projectPath
C:/Users/poiso/Documents/GitHub/gamedevfinal/final project
-logFile
Logs/AssetImportWorker0.log
-srvPort
53270
Successfully changed project path to: C:/Users/poiso/Documents/GitHub/gamedevfinal/final project
C:/Users/poiso/Documents/GitHub/gamedevfinal/final project
[UnityMemory] Configuration Parameters - Can be set up in boot.config
    "memorysetup-bucket-allocator-granularity=16"
    "memorysetup-bucket-allocator-bucket-count=8"
    "memorysetup-bucket-allocator-block-size=33554432"
    "memorysetup-bucket-allocator-block-count=8"
    "memorysetup-main-allocator-block-size=16777216"
    "memorysetup-thread-allocator-block-size=16777216"
    "memorysetup-gfx-main-allocator-block-size=16777216"
    "memorysetup-gfx-thread-allocator-block-size=16777216"
    "memorysetup-cache-allocator-block-size=4194304"
    "memorysetup-typetree-allocator-block-size=2097152"
    "memorysetup-profiler-bucket-allocator-granularity=16"
    "memorysetup-profiler-bucket-allocator-bucket-count=8"
    "memorysetup-profiler-bucket-allocator-block-size=33554432"
    "memorysetup-profiler-bucket-allocator-block-count=8"
    "memorysetup-profiler-allocator-block-size=16777216"
    "memorysetup-profiler-editor-allocator-block-size=1048576"
    "memorysetup-temp-allocator-size-main=16777216"
    "memorysetup-job-temp-allocator-block-size=2097152"
    "memorysetup-job-temp-allocator-block-size-background=1048576"
    "memorysetup-job-temp-allocator-reduction-small-platforms=262144"
    "memorysetup-temp-allocator-size-background-worker=32768"
    "memorysetup-temp-allocator-size-job-worker=262144"
    "memorysetup-temp-allocator-size-preload-manager=33554432"
    "memorysetup-temp-allocator-size-nav-mesh-worker=65536"
    "memorysetup-temp-allocator-size-audio-worker=65536"
    "memorysetup-temp-allocator-size-cloud-worker=32768"
    "memorysetup-temp-allocator-size-gi-baking-worker=262144"
    "memorysetup-temp-allocator-size-gfx=262144"
Player connection [1068] Host "[IP] 192.168.0.113 [Port] 0 [Flags] 2 [Guid] 811293100 [EditorId] 811293100 [Version] 1048832 [Id] WindowsEditor(7,cherubim) [Debug] 1 [PackageName] WindowsEditor [ProjectName] Editor" joined multi-casting on [225.0.0.222:54997]...

Player connection [1068] Host "[IP] 192.168.0.113 [Port] 0 [Flags] 2 [Guid] 811293100 [EditorId] 811293100 [Version] 1048832 [Id] WindowsEditor(7,cherubim) [Debug] 1 [PackageName] WindowsEditor [ProjectName] Editor" joined alternative multi-casting on [225.0.0.222:34997]...

Refreshing native plugins compatible for Editor in 139.56 ms, found 4 plugins.
Preloading 0 native plugins for Editor in 0.00 ms.
Initialize engine version: 2021.3.16f1 (4016570cf34f)
[Subsystems] Discovering subsystems at path C:/Program Files/Unity/Hub/Editor/2021.3.16f1/Editor/Data/Resources/UnitySubsystems
[Subsystems] Discovering subsystems at path C:/Users/poiso/Documents/GitHub/gamedevfinal/final project/Assets
GfxDevice: creating device client; threaded=0; jobified=0
Direct3D:
    Version:  Direct3D 11.0 [level 11.1]
    Renderer: Intel(R) Iris(R) Xe Graphics (ID=0x9a49)
    Vendor:   Intel
    VRAM:     3978 MB
    Driver:   27.20.100.9510
Initialize mono
Mono path[0] = 'C:/Program Files/Unity/Hub/Editor/2021.3.16f1/Editor/Data/Managed'
Mono path[1] = 'C:/Program Files/Unity/Hub/Editor/2021.3.16f1/Editor/Data/MonoBleedingEdge/lib/mono/unityjit-win32'
Mono config path = 'C:/Program Files/Unity/Hub/Editor/2021.3.16f1/Editor/Data/MonoBleedingEdge/etc'
Using monoOptions --debugger-agent=transport=dt_socket,embedding=1,server=y,suspend=n,address=127.0.0.1:56768
Begin MonoManager ReloadAssembly
Registering precompiled unity dll's ...
Register platform support module: C:/Program Files/Unity/Hub/Editor/2021.3.16f1/Editor/Data/PlaybackEngines/WindowsStandaloneSupport/UnityEditor.WindowsStandalone.Extensions.dll
Registered in 0.004027 seconds.
Native extension for WindowsStandalone target not found
Refreshing native plugins compatible for Editor in 126.79 ms, found 4 plugins.
Preloading 0 native plugins for Editor in 0.00 ms.
Mono: successfully reloaded assembly
- Completed reload, in  0.681 seconds
Domain Reload Profiling:
	ReloadAssembly (681ms)
		BeginReloadAssembly (97ms)
			ExecutionOrderSort (0ms)
			DisableScriptedObjects (0ms)
			BackupInstance (0ms)
			ReleaseScriptingObjects (0ms)
			CreateAndSetChildDomain (1ms)
		EndReloadAssembly (491ms)
			LoadAssemblies (92ms)
			RebuildTransferFunctionScriptingTraits (0ms)
			SetupTypeCache (91ms)
			ReleaseScriptCaches (0ms)
			RebuildScriptCaches (32ms)
			SetupLoadedEditorAssemblies (325ms)
				LogAssemblyErrors (0ms)
				InitializePlatformSupportModulesInManaged (7ms)
				SetLoadedEditorAssemblies (0ms)
				RefreshPlugins (127ms)
				BeforeProcessingInitializeOnLoad (1ms)
				ProcessInitializeOnLoadAttributes (146ms)
				ProcessInitializeOnLoadMethodAttributes (44ms)
				AfterProcessingInitializeOnLoad (0ms)
				EditorAssembliesLoaded (0ms)
			ExecutionOrderSort2 (0ms)
			AwakeInstancesAfterBackupRestoration (0ms)
Platform modules already initialized, skipping
Registering precompiled user dll's ...
Registered in 0.007200 seconds.
Begin MonoManager ReloadAssembly
Symbol file LoadedFromMemory doesn't match image C:\Users\poiso\Documents\GitHub\gamedevfinal\final project\Library\PackageCache\com.unity.visualscripting@1.7.8\Editor\VisualScripting.Core\Dependencies\YamlDotNet\Unity.VisualScripting.YamlDotNet.dll
Symbol file LoadedFromMemory doesn't match image C:\Users\poiso\Documents\GitHub\gamedevfinal\final project\Library\PackageCache\com.unity.visualscripting@1.7.8\Editor\VisualScripting.Core\Dependencies\DotNetZip\Unity.VisualScripting.IonicZip.dll
Native extension for WindowsStandalone target not found
Refreshing native plugins compatible for Editor in 128.68 ms, found 4 plugins.
Preloading 0 native plugins for Editor in 0.00 ms.
Mono: successfully reloaded assembly
- Completed reload, in  1.469 seconds
Domain Reload Profiling:
	ReloadAssembly (1469ms)
		BeginReloadAssembly (153ms)
			ExecutionOrderSort (0ms)
			DisableScriptedObjects (5ms)
			BackupInstance (0ms)
			ReleaseScriptingObjects (0ms)
			CreateAndSetChildDomain (19ms)
		EndReloadAssembly (1203ms)
			LoadAssemblies (191ms)
			RebuildTransferFunctionScriptingTraits (0ms)
			SetupTypeCache (298ms)
			ReleaseScriptCaches (1ms)
			RebuildScriptCaches (78ms)
			SetupLoadedEditorAssemblies (621ms)
				LogAssemblyErrors (0ms)
				InitializePlatformSupportModulesInManaged (3ms)
				SetLoadedEditorAssemblies (0ms)
				RefreshPlugins (129ms)
				BeforeProcessingInitializeOnLoad (123ms)
				ProcessInitializeOnLoadAttributes (271ms)
				ProcessInitializeOnLoadMethodAttributes (90ms)
				AfterProcessingInitializeOnLoad (6ms)
				EditorAssembliesLoaded (0ms)
			ExecutionOrderSort2 (0ms)
			AwakeInstancesAfterBackupRestoration (5ms)
Platform modules already initialized, skipping
========================================================================
Worker process is ready to serve import requests
Launched and connected shader compiler UnityShaderCompiler.exe after 0.05 seconds
Refreshing native plugins compatible for Editor in 1.66 ms, found 4 plugins.
Preloading 0 native plugins for Editor in 0.00 ms.
Unloading 5826 Unused Serialized files (Serialized files now loaded: 0)
Unloading 70 unused Assets / (1.3 MB). Loaded Objects now: 6265.
Memory consumption went from 226.9 MB to 225.7 MB.
Total: 9.214200 ms (FindLiveObjects: 0.937800 ms CreateObjectMapping: 0.574200 ms MarkObjects: 6.714100 ms  DeleteObjects: 0.985600 ms)

AssetImportParameters requested are different than current active one (requested -> active):
  custom:video-decoder-ogg-theora: a1e56fd34408186e4bbccfd4996cb3dc -> 
  custom:container-muxer-webm: aa71ff27fc2769a1b78a27578f13a17b -> 
  custom:container-demuxer-webm: 4f35f7cbe854078d1ac9338744f61a02 -> 
  custom:video-encoder-webm-vp8: eb34c28f22e8b96e1ab97ce403110664 -> 
  custom:audio-encoder-webm-vorbis: bf7c407c2cedff20999df2af8eb42d56 -> 
  custom:framework-win-MediaFoundation: 216162199b28c13a410421893ffa2e32 -> 
  custom:container-demuxer-ogg: 62fdf1f143b41e24485cea50d1cbac27 -> 
  custom:video-decoder-webm-vp8: 9c59270c3fd7afecdb556c50c9e8de78 -> 
  custom:audio-decoder-ogg-vorbis: bf7c407c2cedff20999df2af8eb42d56 -> 
========================================================================
Received Import Request.
  Time since last request: 341677.013557 seconds.
  path: Assets/Sprites/New Folder
  artifactKey: Guid(05d27daac30658d4195105b1a99ddbc6) Importer(815301076,1909f56bfc062723c751e8b465ee728b)
Start importing Assets/Sprites/New Folder using Guid(05d27daac30658d4195105b1a99ddbc6) Importer(815301076,1909f56bfc062723c751e8b465ee728b)  -> (artifact id: '7e460a50e7583ce598ac9ae44368e19c') in 0.016927 seconds 
========================================================================
Received Import Request.
  Time since last request: 50.091276 seconds.
  path: Assets/Sprites/WarpedCity_anismuz
  artifactKey: Guid(05d27daac30658d4195105b1a99ddbc6) Importer(815301076,1909f56bfc062723c751e8b465ee728b)
Start importing Assets/Sprites/WarpedCity_anismuz using Guid(05d27daac30658d4195105b1a99ddbc6) Importer(815301076,1909f56bfc062723c751e8b465ee728b)  -> (artifact id: '413f36957f1ebe3031b674e6be68f966') in 0.006205 seconds 
========================================================================
Received Import Request.
  Time since last request: 12.202859 seconds.
  path: Assets/Sprites/WarpedCity_ansimuz
  artifactKey: Guid(05d27daac30658d4195105b1a99ddbc6) Importer(815301076,1909f56bfc062723c751e8b465ee728b)
Start importing Assets/Sprites/WarpedCity_ansimuz using Guid(05d27daac30658d4195105b1a99ddbc6) Importer(815301076,1909f56bfc062723c751e8b465ee728b)  -> (artifact id: 'ecd69a587726717c5759a2b511006965') in 0.006426 seconds 
========================================================================
Received Import Request.
  Time since last request: 18.137692 seconds.
  path: Assets/Sprites/WarpedCity_ansimuz/player
  artifactKey: Guid(043a59bb518991e429915e2fc83a1d60) Importer(815301076,1909f56bfc062723c751e8b465ee728b)
Start importing Assets/Sprites/WarpedCity_ansimuz/player using Guid(043a59bb518991e429915e2fc83a1d60) Importer(815301076,1909f56bfc062723c751e8b465ee728b)  -> (artifact id: '914b68fd304051f572bee0e9dcfea95f') in 0.005531 seconds 
========================================================================
Received Import Request.
  Time since last request: 1.165822 seconds.
  path: Assets/Sprites/WarpedCity_ansimuz/player/back-jump
  artifactKey: Guid(f018486d10322a5459d8a095ffdb4e8f) Importer(815301076,1909f56bfc062723c751e8b465ee728b)
Start importing Assets/Sprites/WarpedCity_ansimuz/player/back-jump using Guid(f018486d10322a5459d8a095ffdb4e8f) Importer(815301076,1909f56bfc062723c751e8b465ee728b)  -> (artifact id: 'f5edc96476b2c1ab334bbcafec8e6466') in 0.005678 seconds 
========================================================================
Received Import Request.
  Time since last request: 0.088217 seconds.
  path: Assets/Sprites/WarpedCity_ansimuz/player/back-jump/back-jump-1.png
  artifactKey: Guid(7a7b51802df7de44cbcd7cb0866f6321) Importer(815301076,1909f56bfc062723c751e8b465ee728b)
Start importing Assets/Sprites/WarpedCity_ansimuz/player/back-jump/back-jump-1.png using Guid(7a7b51802df7de44cbcd7cb0866f6321) Importer(815301076,1909f56bfc062723c751e8b465ee728b)  -> (artifact id: '4bec141f3227c3a07c28cc4788b2b2a8') in 0.107404 seconds 
========================================================================
Received Import Request.
  Time since last request: 0.000038 seconds.
  path: Assets/Sprites/WarpedCity_ansimuz/player/back-jump/back-jump-preview.gif
  artifactKey: Guid(f1b9262bcfd9e2c4b99e6c0eb983cf24) Importer(815301076,1909f56bfc062723c751e8b465ee728b)
Start importing Assets/Sprites/WarpedCity_ansimuz/player/back-jump/back-jump-preview.gif using Guid(f1b9262bcfd9e2c4b99e6c0eb983cf24) Importer(815301076,1909f56bfc062723c751e8b465ee728b)  -> (artifact id: '079ee145e7fd27cffb3c2cc875e640d3') in 0.018321 seconds 
========================================================================
Received Import Request.
  Time since last request: 0.000058 seconds.
  path: Assets/Sprites/WarpedCity_ansimuz/player/back-jump/back-jump-4.png
  artifactKey: Guid(558c4219c752e1842868d6cfdbe94cc9) Importer(815301076,1909f56bfc062723c751e8b465ee728b)
Start importing Assets/Sprites/WarpedCity_ansimuz/player/back-jump/back-jump-4.png using Guid(558c4219c752e1842868d6cfdbe94cc9) Importer(815301076,1909f56bfc062723c751e8b465ee728b)  -> (artifact id: 'deffd260c66360ffe6d0a7270c51835f') in 0.019796 seconds 
========================================================================
Received Import Request.
  Time since last request: 0.000036 seconds.
  path: Assets/Sprites/WarpedCity_ansimuz/player/back-jump/back-jump-5.png
  artifactKey: Guid(9da59b14848cb6549ab455fdcdfcadb9) Importer(815301076,1909f56bfc062723c751e8b465ee728b)
Start importing Assets/Sprites/WarpedCity_ansimuz/player/back-jump/back-jump-5.png using Guid(9da59b14848cb6549ab455fdcdfcadb9) Importer(815301076,1909f56bfc062723c751e8b465ee728b)  -> (artifact id: '1bcd3ba332f34c43a646b64df4b58863') in 0.019609 seconds 
========================================================================
Received Import Request.
  Time since last request: 5.331145 seconds.
  path: Assets/Sprites/WarpedCity_ansimuz/player/crouch
  artifactKey: Guid(df915303450ad5a43b5fd3ba48f42a7e) Importer(815301076,1909f56bfc062723c751e8b465ee728b)
Start importing Assets/Sprites/WarpedCity_ansimuz/player/crouch using Guid(df915303450ad5a43b5fd3ba48f42a7e) Importer(815301076,1909f56bfc062723c751e8b465ee728b)  -> (artifact id: 'b47dc74e5d0bfab4fc9eb8c74933edb4') in 0.007005 seconds 
========================================================================
Received Import Request.
  Time since last request: 558.733715 seconds.
  path: Assets/Sprites/WarpedCity_ansimuz/player/idle
  artifactKey: Guid(8a37c4aa640e1cc4e8980e568fb5b370) Importer(815301076,1909f56bfc062723c751e8b465ee728b)
Start importing Assets/Sprites/WarpedCity_ansimuz/player/idle using Guid(8a37c4aa640e1cc4e8980e568fb5b370) Importer(815301076,1909f56bfc062723c751e8b465ee728b)  -> (artifact id: '9a7cd7bd63d34cba4d08779e1f123c53') in 0.009024 seconds 
========================================================================
Received Import Request.
  Time since last request: 1.104249 seconds.
  path: Assets/Sprites/WarpedCity_ansimuz/player/idle/idle-1.png
  artifactKey: Guid(10fb173bfb6496b409f1fd2387c8a0fc) Importer(815301076,1909f56bfc062723c751e8b465ee728b)
Start importing Assets/Sprites/WarpedCity_ansimuz/player/idle/idle-1.png using Guid(10fb173bfb6496b409f1fd2387c8a0fc) Importer(815301076,1909f56bfc062723c751e8b465ee728b)  -> (artifact id: 'f801cc170e274be8c05c38e2e7c8c5f7') in 0.014231 seconds 
========================================================================
Received Import Request.
  Time since last request: 0.000029 seconds.
  path: Assets/Sprites/WarpedCity_ansimuz/player/idle/idle-4.png
  artifactKey: Guid(af7bdf208a9dc0942962c83d5733da24) Importer(815301076,1909f56bfc062723c751e8b465ee728b)
Start importing Assets/Sprites/WarpedCity_ansimuz/player/idle/idle-4.png using Guid(af7bdf208a9dc0942962c83d5733da24) Importer(815301076,1909f56bfc062723c751e8b465ee728b)  -> (artifact id: 'eded620455146f020ed21bb1b4459304') in 0.014471 seconds 
========================================================================
Received Import Request.
  Time since last request: 0.000034 seconds.
  path: Assets/Sprites/WarpedCity_ansimuz/player/idle/idle-peview.gif
  artifactKey: Guid(e660a668b2b2e79499b4147ce3b0cf79) Importer(815301076,1909f56bfc062723c751e8b465ee728b)
Start importing Assets/Sprites/WarpedCity_ansimuz/player/idle/idle-peview.gif using Guid(e660a668b2b2e79499b4147ce3b0cf79) Importer(815301076,1909f56bfc062723c751e8b465ee728b)  -> (artifact id: '59049345cf1c3e1b70bd608dc30bd087') in 0.020772 seconds 
========================================================================
Received Import Request.
  Time since last request: 381.352718 seconds.
  path: Assets/UrbanNightSky/Readme.txt
  artifactKey: Guid(e8323ebd76285924883eeb3a4333133d) Importer(815301076,1909f56bfc062723c751e8b465ee728b)
Start importing Assets/UrbanNightSky/Readme.txt using Guid(e8323ebd76285924883eeb3a4333133d) Importer(815301076,1909f56bfc062723c751e8b465ee728b)  -> (artifact id: '2d9143d732607e391f9221286a8a7124') in 0.056617 seconds 
========================================================================
Received Import Request.
  Time since last request: 9.196661 seconds.
  path: Assets/UrbanNightSky/Textures
  artifactKey: Guid(8af58ef2e2d966a43b045e43919d814b) Importer(815301076,1909f56bfc062723c751e8b465ee728b)
Start importing Assets/UrbanNightSky/Textures using Guid(8af58ef2e2d966a43b045e43919d814b) Importer(815301076,1909f56bfc062723c751e8b465ee728b)  -> (artifact id: '5628c89a7fa4e27de85221c29c1665a3') in 0.005158 seconds 
========================================================================
Received Import Request.
  Time since last request: 0.065915 seconds.
  path: Assets/UrbanNightSky/Textures/UrbanNightSky_Back.png
  artifactKey: Guid(6ef94ae4b0007cd438b483cd250be993) Importer(815301076,1909f56bfc062723c751e8b465ee728b)
Start importing Assets/UrbanNightSky/Textures/UrbanNightSky_Back.png using Guid(6ef94ae4b0007cd438b483cd250be993) Importer(815301076,1909f56bfc062723c751e8b465ee728b)  -> (artifact id: '71082685a92e52e0a628d4be2b483797') in 0.018780 seconds 
========================================================================
Received Import Request.
  Time since last request: 0.000026 seconds.
  path: Assets/UrbanNightSky/Textures/UrbanNightSky_Right.png
  artifactKey: Guid(a56b67fd5c6c1e74dbce262d25768be5) Importer(815301076,1909f56bfc062723c751e8b465ee728b)
Start importing Assets/UrbanNightSky/Textures/UrbanNightSky_Right.png using Guid(a56b67fd5c6c1e74dbce262d25768be5) Importer(815301076,1909f56bfc062723c751e8b465ee728b)  -> (artifact id: 'c36510285107002063d03edadac5ead3') in 0.016615 seconds 
========================================================================
Received Import Request.
  Time since last request: 0.000026 seconds.
  path: Assets/UrbanNightSky/Textures/UrbanNightSky_Top.png
  artifactKey: Guid(7ec0d505654da4a45add45159bfe0097) Importer(815301076,1909f56bfc062723c751e8b465ee728b)
Start importing Assets/UrbanNightSky/Textures/UrbanNightSky_Top.png using Guid(7ec0d505654da4a45add45159bfe0097) Importer(815301076,1909f56bfc062723c751e8b465ee728b)  -> (artifact id: '967b09a4689343f55457781b4a340e6f') in 0.013881 seconds 
========================================================================
Received Import Request.
  Time since last request: 2.458741 seconds.
  path: Assets/UrbanNightSky/Demo
  artifactKey: Guid(928a0ae9cf623f64cb909c7f933c5ae0) Importer(815301076,1909f56bfc062723c751e8b465ee728b)
Start importing Assets/UrbanNightSky/Demo using Guid(928a0ae9cf623f64cb909c7f933c5ae0) Importer(815301076,1909f56bfc062723c751e8b465ee728b)  -> (artifact id: '2f2be2126dcdb4b987a0d145aa9f90b3') in 0.014282 seconds 
========================================================================
Received Import Request.
  Time since last request: 7.336552 seconds.
  path: Assets/UrbanNightSky/Demo/UrbanNightSky Demo.unity
  artifactKey: Guid(0e789f544dcc6f44b938524326765974) Importer(815301076,1909f56bfc062723c751e8b465ee728b)
Start importing Assets/UrbanNightSky/Demo/UrbanNightSky Demo.unity using Guid(0e789f544dcc6f44b938524326765974) Importer(815301076,1909f56bfc062723c751e8b465ee728b)  -> (artifact id: 'cfd7d5ff0365947fcbe338a9eaf6f8bf') in 0.005844 seconds 
========================================================================
Received Prepare
Registering precompiled user dll's ...
Registered in 0.005694 seconds.
Begin MonoManager ReloadAssembly
Symbol file LoadedFromMemory doesn't match image C:\Users\poiso\Documents\GitHub\gamedevfinal\final project\Library\PackageCache\com.unity.visualscripting@1.7.8\Editor\VisualScripting.Core\Dependencies\YamlDotNet\Unity.VisualScripting.YamlDotNet.dll
Symbol file LoadedFromMemory doesn't match image C:\Users\poiso\Documents\GitHub\gamedevfinal\final project\Library\PackageCache\com.unity.visualscripting@1.7.8\Editor\VisualScripting.Core\Dependencies\DotNetZip\Unity.VisualScripting.IonicZip.dll
Native extension for WindowsStandalone target not found
Refreshing native plugins compatible for Editor in 1.22 ms, found 4 plugins.
Preloading 0 native plugins for Editor in 0.00 ms.
Mono: successfully reloaded assembly
- Completed reload, in  1.444 seconds
Domain Reload Profiling:
	ReloadAssembly (1444ms)
		BeginReloadAssembly (274ms)
			ExecutionOrderSort (0ms)
			DisableScriptedObjects (15ms)
			BackupInstance (0ms)
			ReleaseScriptingObjects (0ms)
			CreateAndSetChildDomain (146ms)
		EndReloadAssembly (1055ms)
			LoadAssemblies (107ms)
			RebuildTransferFunctionScriptingTraits (0ms)
			SetupTypeCache (402ms)
			ReleaseScriptCaches (4ms)
			RebuildScriptCaches (66ms)
			SetupLoadedEditorAssemblies (429ms)
				LogAssemblyErrors (0ms)
				InitializePlatformSupportModulesInManaged (10ms)
				SetLoadedEditorAssemblies (1ms)
				RefreshPlugins (1ms)
				BeforeProcessingInitializeOnLoad (84ms)
				ProcessInitializeOnLoadAttributes (245ms)
				ProcessInitializeOnLoadMethodAttributes (82ms)
				AfterProcessingInitializeOnLoad (6ms)
				EditorAssembliesLoaded (0ms)
			ExecutionOrderSort2 (0ms)
			AwakeInstancesAfterBackupRestoration (8ms)
Platform modules already initialized, skipping
Refreshing native plugins compatible for Editor in 5.08 ms, found 4 plugins.
Preloading 0 native plugins for Editor in 0.00 ms.
Unloading 5703 Unused Serialized files (Serialized files now loaded: 0)
Unloading 45 unused Assets / (1.3 MB). Loaded Objects now: 6287.
Memory consumption went from 222.7 MB to 221.5 MB.
Total: 4.513300 ms (FindLiveObjects: 0.341800 ms CreateObjectMapping: 0.259000 ms MarkObjects: 3.465600 ms  DeleteObjects: 0.445800 ms)

AssetImportParameters requested are different than current active one (requested -> active):
  custom:video-decoder-ogg-theora: a1e56fd34408186e4bbccfd4996cb3dc -> 
  custom:container-muxer-webm: aa71ff27fc2769a1b78a27578f13a17b -> 
  custom:container-demuxer-webm: 4f35f7cbe854078d1ac9338744f61a02 -> 
  custom:video-encoder-webm-vp8: eb34c28f22e8b96e1ab97ce403110664 -> 
  custom:audio-encoder-webm-vorbis: bf7c407c2cedff20999df2af8eb42d56 -> 
  custom:framework-win-MediaFoundation: 216162199b28c13a410421893ffa2e32 -> 
  custom:container-demuxer-ogg: 62fdf1f143b41e24485cea50d1cbac27 -> 
  custom:video-decoder-webm-vp8: 9c59270c3fd7afecdb556c50c9e8de78 -> 
  custom:audio-decoder-ogg-vorbis: bf7c407c2cedff20999df2af8eb42d56 -> 
========================================================================
Received Import Request.
  Time since last request: 36.803951 seconds.
  path: Assets/UrbanNightSky/Demo/Materials
  artifactKey: Guid(383b263db94e6164cb4c3fe8b60740b7) Importer(815301076,1909f56bfc062723c751e8b465ee728b)
Start importing Assets/UrbanNightSky/Demo/Materials using Guid(383b263db94e6164cb4c3fe8b60740b7) Importer(815301076,1909f56bfc062723c751e8b465ee728b)  -> (artifact id: '53a497d1d097a5bd9ddf55a349c8061f') in 0.024674 seconds 
========================================================================
Received Import Request.
  Time since last request: 0.003213 seconds.
  path: Assets/UrbanNightSky/Demo/Materials/UrbanNightSkyMaterial.mat
  artifactKey: Guid(3876d0e183013044aab5adba683217d7) Importer(815301076,1909f56bfc062723c751e8b465ee728b)
Start importing Assets/UrbanNightSky/Demo/Materials/UrbanNightSkyMaterial.mat using Guid(3876d0e183013044aab5adba683217d7) Importer(815301076,1909f56bfc062723c751e8b465ee728b)  -> (artifact id: '2cd1e01c05a33aaaa4d342dcd4b058f1') in 0.379075 seconds 
========================================================================
Received Import Request.
  Time since last request: 1802.810040 seconds.
  path: Packages/com.unity.searcher/Editor/Resources/FlatSkin/Font/Roboto-Black.ttf
  artifactKey: Guid(1062c701058745940ae5dca6219c64c8) Importer(815301076,1909f56bfc062723c751e8b465ee728b)
Start importing Packages/com.unity.searcher/Editor/Resources/FlatSkin/Font/Roboto-Black.ttf using Guid(1062c701058745940ae5dca6219c64c8) Importer(815301076,1909f56bfc062723c751e8b465ee728b)  -> (artifact id: 'b664b5fb14c91f46d585855f05e07e6d') in 0.096389 seconds 
========================================================================
Received Import Request.
  Time since last request: 0.000048 seconds.
  path: Packages/com.unity.searcher/Editor/Resources/FlatSkin/Font/Roboto-Thin.ttf
  artifactKey: Guid(19a9abb883540be48b75b951a927ae03) Importer(815301076,1909f56bfc062723c751e8b465ee728b)
Start importing Packages/com.unity.searcher/Editor/Resources/FlatSkin/Font/Roboto-Thin.ttf using Guid(19a9abb883540be48b75b951a927ae03) Importer(815301076,1909f56bfc062723c751e8b465ee728b)  -> (artifact id: 'e1f4e98d524aa38b2d65081f5ff31e71') in 0.021026 seconds 
========================================================================
Received Import Request.
  Time since last request: 0.000035 seconds.
  path: Packages/com.unity.searcher/Editor/Resources/FlatSkin/Font/Roboto-MediumItalic.ttf
  artifactKey: Guid(d93c1bc57fdf1ac4dad1bf04fac05464) Importer(815301076,1909f56bfc062723c751e8b465ee728b)
Start importing Packages/com.unity.searcher/Editor/Resources/FlatSkin/Font/Roboto-MediumItalic.ttf using Guid(d93c1bc57fdf1ac4dad1bf04fac05464) Importer(815301076,1909f56bfc062723c751e8b465ee728b)  -> (artifact id: 'ff287c714817c1f94225737d4ded0ed6') in 0.024708 seconds 
========================================================================
Received Import Request.
  Time since last request: 0.000034 seconds.
  path: Packages/com.unity.searcher/Editor/Resources/FlatSkin/Font/Roboto-ThinItalic.ttf
  artifactKey: Guid(b2ea3b3f1765e544b9eb5bd1a93a91ce) Importer(815301076,1909f56bfc062723c751e8b465ee728b)
Start importing Packages/com.unity.searcher/Editor/Resources/FlatSkin/Font/Roboto-ThinItalic.ttf using Guid(b2ea3b3f1765e544b9eb5bd1a93a91ce) Importer(815301076,1909f56bfc062723c751e8b465ee728b)  -> (artifact id: '945a80f155e41b89f18d4c45240f6df1') in 0.019060 seconds 
========================================================================
Received Import Request.
  Time since last request: 0.000039 seconds.
  path: Packages/com.unity.searcher/Editor/Resources/FlatSkin/Font/Roboto-Regular.ttf
  artifactKey: Guid(30dc370b164eefc43b95744fc796dad0) Importer(815301076,1909f56bfc062723c751e8b465ee728b)
Start importing Packages/com.unity.searcher/Editor/Resources/FlatSkin/Font/Roboto-Regular.ttf using Guid(30dc370b164eefc43b95744fc796dad0) Importer(815301076,1909f56bfc062723c751e8b465ee728b)  -> (artifact id: '80bd3a557ab775413a493c5788c962d7') in 0.022532 seconds 
========================================================================
Received Import Request.
  Time since last request: 0.000037 seconds.
  path: Packages/com.unity.searcher/Editor/Resources/FlatSkin/Font/Roboto-Light.ttf
  artifactKey: Guid(2a29e27936eb547458f646f71125b264) Importer(815301076,1909f56bfc062723c751e8b465ee728b)
Start importing Packages/com.unity.searcher/Editor/Resources/FlatSkin/Font/Roboto-Light.ttf using Guid(2a29e27936eb547458f646f71125b264) Importer(815301076,1909f56bfc062723c751e8b465ee728b)  -> (artifact id: '3077baafe5724bcafc53e298c9196d50') in 0.019409 seconds 
========================================================================
Received Import Request.
  Time since last request: 372.954889 seconds.
  path: Assets/Tilemaps/near-buildings-bg.png
  artifactKey: Guid(fe5d307b99c3b1649bfead7309c56126) Importer(815301076,1909f56bfc062723c751e8b465ee728b)
Start importing Assets/Tilemaps/near-buildings-bg.png using Guid(fe5d307b99c3b1649bfead7309c56126) Importer(815301076,1909f56bfc062723c751e8b465ee728b)  -> (artifact id: '0fc414a3d3d9095970ccaad0a28c4620') in 0.045317 seconds 
========================================================================
Received Import Request.
  Time since last request: 0.000059 seconds.
  path: Assets/Tilemaps/skyline-a.png
  artifactKey: Guid(34702c4b217a109448bfbaaf78e540e7) Importer(815301076,1909f56bfc062723c751e8b465ee728b)
Start importing Assets/Tilemaps/skyline-a.png using Guid(34702c4b217a109448bfbaaf78e540e7) Importer(815301076,1909f56bfc062723c751e8b465ee728b)  -> (artifact id: '7591cc59722e2d7fd9f45422cc042095') in 0.020878 seconds 
========================================================================
Received Import Request.
  Time since last request: 59.021844 seconds.
  path: Assets/Tilemaps/middle.png
  artifactKey: Guid(37c99b72cafe7d8489cd0326328f6d20) Importer(815301076,1909f56bfc062723c751e8b465ee728b)
Start importing Assets/Tilemaps/middle.png using Guid(37c99b72cafe7d8489cd0326328f6d20) Importer(815301076,1909f56bfc062723c751e8b465ee728b)  -> (artifact id: 'ef33cfe215f4c974cae83abaf88fe78b') in 0.021246 seconds 
========================================================================
Received Prepare
Registering precompiled user dll's ...
Registered in 0.007072 seconds.
Begin MonoManager ReloadAssembly
Symbol file LoadedFromMemory doesn't match image C:\Users\poiso\Documents\GitHub\gamedevfinal\final project\Library\PackageCache\com.unity.visualscripting@1.7.8\Editor\VisualScripting.Core\Dependencies\YamlDotNet\Unity.VisualScripting.YamlDotNet.dll
Symbol file LoadedFromMemory doesn't match image C:\Users\poiso\Documents\GitHub\gamedevfinal\final project\Library\PackageCache\com.unity.visualscripting@1.7.8\Editor\VisualScripting.Core\Dependencies\DotNetZip\Unity.VisualScripting.IonicZip.dll
Native extension for WindowsStandalone target not found
Refreshing native plugins compatible for Editor in 0.94 ms, found 4 plugins.
Preloading 0 native plugins for Editor in 0.00 ms.
Mono: successfully reloaded assembly
- Completed reload, in  1.948 seconds
Domain Reload Profiling:
	ReloadAssembly (1949ms)
		BeginReloadAssembly (704ms)
			ExecutionOrderSort (0ms)
			DisableScriptedObjects (101ms)
			BackupInstance (0ms)
			ReleaseScriptingObjects (0ms)
			CreateAndSetChildDomain (404ms)
		EndReloadAssembly (1132ms)
			LoadAssemblies (165ms)
			RebuildTransferFunctionScriptingTraits (0ms)
			SetupTypeCache (340ms)
			ReleaseScriptCaches (3ms)
			RebuildScriptCaches (63ms)
			SetupLoadedEditorAssemblies (515ms)
				LogAssemblyErrors (0ms)
				InitializePlatformSupportModulesInManaged (13ms)
				SetLoadedEditorAssemblies (2ms)
				RefreshPlugins (1ms)
				BeforeProcessingInitializeOnLoad (98ms)
				ProcessInitializeOnLoadAttributes (301ms)
				ProcessInitializeOnLoadMethodAttributes (94ms)
				AfterProcessingInitializeOnLoad (5ms)
				EditorAssembliesLoaded (0ms)
			ExecutionOrderSort2 (0ms)
			AwakeInstancesAfterBackupRestoration (13ms)
Platform modules already initialized, skipping
